0 info it worked if it ends with ok
1 verbose cli [ '/usr/bin/node', '/usr/bin/npm', 'run', 'server' ]
2 info using npm@3.10.6
3 info using node@v4.4.4
4 verbose run-script [ 'preserver', 'server', 'postserver' ]
5 info lifecycle koa2wechat-sample@1.0.0~preserver: koa2wechat-sample@1.0.0
6 silly lifecycle koa2wechat-sample@1.0.0~preserver: no script for preserver, continuing
7 info lifecycle koa2wechat-sample@1.0.0~server: koa2wechat-sample@1.0.0
8 verbose lifecycle koa2wechat-sample@1.0.0~server: unsafe-perm in lifecycle true
9 verbose lifecycle koa2wechat-sample@1.0.0~server: PATH: /usr/lib/node_modules/npm/bin/node-gyp-bin:/home/chuckie/workspace/nodeJS/koa2wechat-sample/node_modules/.bin:/home/chuckie/anaconda2/bin:/opt/firefox48/firefox:/usr/local/sbin:/usr/local/bin:/usr/bin:/usr/lib/jvm/default/bin:/usr/bin/site_perl:/usr/bin/vendor_perl:/usr/bin/core_perl:/home/chuckie/chuxutils:/home/chuckie/OtherSoftware/NodeJS/bin:/home/chuckie/OtherSoftware/mongodb/mongodb-linux-x86_64-3.2.4/bin:/home/chuckie/OtherSoftware/Java/netbeansNjdk/jdk1.8.0_73/bin:/home/chuckie/OtherSoftware/Java/android/android-studio/bin:/home/chuckie/OtherSoftware/Java/JRE/jre1.8.0_73/bin:/home/chuckie/OtherSoftware/Java/AndroidSDK/platform-tools:/home/chuckie/.gem/ruby/2.3.0/bin:/home/chuckie/OtherSoftware/WebStorm-145.597.6/bin:/opt/tomcat8/apache-tomcat-8.5.4:/opt/tomcat8/apache-tomcat-8.5.4/bin:/home/chuckie/.meteor
10 verbose lifecycle koa2wechat-sample@1.0.0~server: CWD: /home/chuckie/workspace/nodeJS/koa2wechat-sample
11 silly lifecycle koa2wechat-sample@1.0.0~server: Args: [ '-c', 'babel-node ./server.js' ]
12 silly lifecycle koa2wechat-sample@1.0.0~server: Returned: code: 1  signal: null
13 info lifecycle koa2wechat-sample@1.0.0~server: Failed to exec server script
14 verbose stack Error: koa2wechat-sample@1.0.0 server: `babel-node ./server.js`
14 verbose stack Exit status 1
14 verbose stack     at EventEmitter.<anonymous> (/usr/lib/node_modules/npm/lib/utils/lifecycle.js:255:16)
14 verbose stack     at emitTwo (events.js:87:13)
14 verbose stack     at EventEmitter.emit (events.js:172:7)
14 verbose stack     at ChildProcess.<anonymous> (/usr/lib/node_modules/npm/lib/utils/spawn.js:40:14)
14 verbose stack     at emitTwo (events.js:87:13)
14 verbose stack     at ChildProcess.emit (events.js:172:7)
14 verbose stack     at maybeClose (internal/child_process.js:827:16)
14 verbose stack     at Process.ChildProcess._handle.onexit (internal/child_process.js:211:5)
15 verbose pkgid koa2wechat-sample@1.0.0
16 verbose cwd /home/chuckie/workspace/nodeJS/koa2wechat-sample
17 error Linux 4.4.5-1-ARCH
18 error argv "/usr/bin/node" "/usr/bin/npm" "run" "server"
19 error node v4.4.4
20 error npm  v3.10.6
21 error code ELIFECYCLE
22 error koa2wechat-sample@1.0.0 server: `babel-node ./server.js`
22 error Exit status 1
23 error Failed at the koa2wechat-sample@1.0.0 server script 'babel-node ./server.js'.
23 error Make sure you have the latest version of node.js and npm installed.
23 error If you do, this is most likely a problem with the koa2wechat-sample package,
23 error not with npm itself.
23 error Tell the author that this fails on your system:
23 error     babel-node ./server.js
23 error You can get information on how to open an issue for this project with:
23 error     npm bugs koa2wechat-sample
23 error Or if that isn't available, you can get their info via:
23 error     npm owner ls koa2wechat-sample
23 error There is likely additional logging output above.
24 verbose exit [ 1, true ]
